2020-03-31 15:38:49 InitLog() Over 
2020-03-31 15:38:57 InitLog() Over 
2020-03-31 15:39:00 Open IRTSetting 
2020-03-31 15:40:56 InitLog() Over 
2020-03-31 16:28:47 InitLog() Over 
2020-03-31 16:28:49 Open IRTSetting 
2020-03-31 16:29:14 D:/Work_Project/IRT_2020/Resources/Video/SUBWAY/20200318_IMG_2628.MOV 
2020-03-31 16:29:19 D:/Work_Project/IRT_2020/Resources/Video/SUBWAY/20200318_IMG_2628.MOV 
2020-03-31 16:29:21 Open IRTSetting 
2020-03-31 16:29:51 D:/Work_Project/IRT_2020/Resources/Video/SUBWAY/20200318_IMG_2630.MOV 
2020-03-31 16:29:53 D:/Work_Project/IRT_2020/Resources/Video/SUBWAY/20200318_IMG_2630.MOV 
2020-03-31 16:29:53 D:/Work_Project/IRT_2020/Resources/Video/SUBWAY/20200318_IMG_2630.MOV 
2020-03-31 16:29:54 D:/Work_Project/IRT_2020/Resources/Video/SUBWAY/20200318_IMG_2630.MOV 
2020-03-31 16:29:55 D:/Work_Project/IRT_2020/Resources/Video/SUBWAY/20200318_IMG_2630.MOV 
2020-03-31 16:29:56 D:/Work_Project/IRT_2020/Resources/Video/SUBWAY/20200318_IMG_2630.MOV 
2020-03-31 16:29:57 Open IRTSetting 
2020-03-31 17:50:05 InitLog() Over 
2020-03-31 17:50:08 Open IRTSetting 
2020-03-31 17:50:13 6 
2020-03-31 17:50:15 6 
2020-03-31 17:50:15 6 
2020-03-31 17:50:16 6 
2020-03-31 17:50:18 6 
2020-03-31 17:50:19 6 
2020-03-31 17:50:20 6 
2020-03-31 17:50:23 InitLog() Over 
2020-03-31 17:50:25 Open IRTSetting 
2020-03-31 17:50:30 6 
2020-03-31 17:50:30 6 
2020-03-31 17:55:47 InitLog() Over 
2020-03-31 17:55:49 Open IRTSetting 
2020-03-31 17:56:09 6 
2020-03-31 17:56:15 InitLog() Over 
2020-03-31 17:56:17 Open IRTSetting 
2020-03-31 17:56:20 0 
2020-03-31 17:56:25 Open IRTSetting 
2020-03-31 17:56:30 6 
2020-03-31 17:56:31 6 
2020-03-31 17:56:34 InitLog() Over 
2020-03-31 17:56:37 Open IRTSetting 
2020-03-31 17:56:42 6 
2020-03-31 18:00:25 InitLog() Over 
2020-03-31 18:00:27 Open IRTSetting 
2020-03-31 18:00:30 0 
2020-03-31 18:00:41 InitLog() Over 
2020-03-31 18:00:43 Open IRTSetting 
2020-03-31 18:00:48 6 
2020-03-31 18:00:49 6 
2020-03-31 18:00:49 6 
2020-03-31 18:00:50 6 
2020-03-31 18:00:50 6 
2020-03-31 18:00:51 6 
2020-03-31 18:00:51 6 
2020-03-31 18:00:52 6 
2020-03-31 18:00:52 6 
2020-03-31 18:00:53 6 
2020-03-31 18:00:53 6 
2020-03-31 18:00:54 6 
2020-03-31 18:00:54 6 
2020-03-31 18:00:55 6 
2020-03-31 18:00:55 6 
2020-03-31 18:00:56 6 
2020-03-31 18:01:35 InitLog() Over 
2020-03-31 18:01:37 Open IRTSetting 
2020-03-31 18:01:44 6 
2020-03-31 18:01:45 6 
2020-03-31 18:01:45 6 
2020-03-31 18:01:46 6 
2020-03-31 18:01:46 6 
2020-03-31 18:01:47 6 
2020-03-31 18:01:47 6 
2020-03-31 18:01:47 6 
2020-03-31 18:01:47 6 
2020-03-31 18:01:47 6 
2020-03-31 18:01:48 6 
2020-03-31 18:01:48 6 
2020-03-31 18:01:48 6 
2020-03-31 18:01:48 6 
2020-03-31 18:01:48 6 
2020-03-31 18:01:49 6 
2020-03-31 18:01:49 6 
2020-03-31 18:01:49 6 
2020-03-31 18:01:49 6 
2020-03-31 18:01:49 6 
2020-03-31 18:01:50 6 
2020-03-31 18:01:50 6 
2020-03-31 18:01:50 6 
2020-03-31 18:01:50 6 
2020-03-31 18:01:50 6 
2020-03-31 18:01:51 6 
2020-03-31 18:01:51 6 
2020-03-31 18:01:51 6 
2020-03-31 18:01:52 Open IRTSetting 
2020-03-31 18:03:55 InitLog() Over 
2020-03-31 18:03:57 Open IRTSetting 
2020-03-31 18:04:02 6 
2020-03-31 18:04:03 6 
2020-03-31 18:04:04 6 
2020-03-31 18:06:19 InitLog() Over 
2020-03-31 18:06:21 Open IRTSetting 
2020-03-31 18:06:26 6 
2020-03-31 18:06:32 Open IRTSetting 
2020-03-31 18:11:55 InitLog() Over 
2020-03-31 18:11:58 Open IRTSetting 
2020-03-31 18:12:02 6 
2020-03-31 18:12:04 6 
2020-03-31 18:12:05 6 
2020-03-31 18:13:07 InitLog() Over 
2020-04-01 18:04:52 InitLog() Over 
2020-04-01 18:04:54 Open IRTSetting 
2020-04-01 18:04:56 0 
2020-04-03 15:22:28 InitLog() Over 
2020-04-03 15:22:31 Open IRTSetting 
2020-04-09 13:11:31 InitLog() Over 
2020-04-09 13:11:34 Open IRTSetting 
2020-04-09 13:23:21 InitLog() Over 
2020-04-09 13:23:24 Open IRTSetting 
2020-04-09 13:24:07 D:/Work_Project/IRT_2020/Sources/IRTCenter_200223/Release/test20033103_64/SnapCamera/20200403095621iR.jpg 
2020-04-09 13:24:07 D:/Work_Project/IRT_2020/Sources/IRTCenter_200223/Release/test20033103_64/SnapCamera/20200403095621lO.jpg 
2020-04-09 13:24:13 D:/Work_Project/IRT_2020/Sources/IRTCenter_200223/Release/test20033103_64/SnapCamera/20200403095621iR.jpg 
2020-04-09 13:24:13 D:/Work_Project/IRT_2020/Sources/IRTCenter_200223/Release/test20033103_64/SnapCamera/20200403095621lO.jpg 
2020-04-09 13:24:14 D:/Work_Project/IRT_2020/Sources/IRTCenter_200223/Release/test20033103_64/SnapCamera/20200403095621iR.jpg 
2020-04-09 13:24:14 D:/Work_Project/IRT_2020/Sources/IRTCenter_200223/Release/test20033103_64/SnapCamera/20200403095621lO.jpg 
2020-04-09 13:24:15 D:/Work_Project/IRT_2020/Sources/IRTCenter_200223/Release/test20033103_64/SnapCamera/20200403095621iR.jpg 
2020-04-09 13:24:15 D:/Work_Project/IRT_2020/Sources/IRTCenter_200223/Release/test20033103_64/SnapCamera/20200403095621lO.jpg 
2020-04-09 13:24:15 D:/Work_Project/IRT_2020/Sources/IRTCenter_200223/Release/test20033103_64/SnapCamera/20200403095621iR.jpg 
2020-04-09 13:24:15 D:/Work_Project/IRT_2020/Sources/IRTCenter_200223/Release/test20033103_64/SnapCamera/20200403095621lO.jpg 
2020-04-09 13:24:16 D:/Work_Project/IRT_2020/Sources/IRTCenter_200223/Release/test20033103_64/SnapCamera/20200403095621iR.jpg 
2020-04-09 13:24:16 D:/Work_Project/IRT_2020/Sources/IRTCenter_200223/Release/test20033103_64/SnapCamera/20200403095621lO.jpg 
2020-04-09 13:24:28 Open IRTSetting 
2020-04-09 13:25:40 D:/Work_Project/IRT_2020/Resources/Video/SUBWAY/20200318_IMG_2630.MOV 
2020-05-25 21:34:05 InitLog() Over 
2020-05-25 21:34:13 Open IRTSetting 
2020-05-25 21:34:17 0 
2020-05-25 21:36:39 Open IRTSetting 
2020-06-15 17:50:51 InitLog() Over 
2020-06-15 17:51:11 InitLog() Over 
2020-06-15 17:51:15 InitLog() Over 
2020-06-15 17:59:32 InitLog() Over 
2020-06-15 17:59:34 Open IRTSetting 
2020-06-15 17:59:40 0 
